Info: Starting: Create block symbol file (.bsf)
Info: qsys-generate /home/daliang3/Desktop/lab1/sys_vga.qsys --block-symbol-file --output-directory=/home/daliang3/Desktop/lab1/sys_vga --family="Cyclone V" --part=5CSEMA5F31C6
Progress: Loading lab1/sys_vga.qsys
Progress: Reading input file
Progress: Adding Arm_A9_HPS [altera_hps 15.0]
Progress: Parameterizing module Arm_A9_HPS
Progress: Adding alt_vip_itc_0 [alt_vip_itc 14.0]
Progress: Parameterizing module alt_vip_itc_0
Progress: Adding alt_vip_vfr_0 [alt_vip_vfr 14.0]
Progress: Parameterizing module alt_vip_vfr_0
Progress: Adding clock_bridge_0 [altera_clock_bridge 15.0]
Progress: Parameterizing module clock_bridge_0
Progress: Adding fifo_fpga_to_hps [altera_avalon_fifo 15.0]
Progress: Parameterizing module fifo_fpga_to_hps
Progress: Adding fifo_hps_to_fpga [altera_avalon_fifo 15.0]
Progress: Parameterizing module fifo_hps_to_fpga
Progress: Adding hex5_hex0 [altera_avalon_pio 15.0]
Progress: Parameterizing module hex5_hex0
Progress: Adding new_sdram_controller_0 [altera_avalon_new_sdram_controller 15.0]
Progress: Parameterizing module new_sdram_controller_0
Progress: Adding pll_0 [altera_pll 15.0]
Progress: Parameterizing module pll_0
Progress: Adding pll_1 [altera_pll 15.0]
Progress: Parameterizing module pll_1
Progress: Adding pushbuttons [altera_avalon_pio 15.0]
Progress: Parameterizing module pushbuttons
Progress: Adding ram [altera_avalon_onchip_memory2 15.0]
Progress: Parameterizing module ram
Progress: Adding reg32_avalon_interface_0 [reg32_avalon_interface 1.0]
Progress: Parameterizing module reg32_avalon_interface_0
Progress: Adding sys_sdram_pll_0 [altera_up_avalon_sys_sdram_pll 15.0]
Progress: Parameterizing module sys_sdram_pll_0
Progress: Adding sysid_qsys_0 [altera_avalon_sysid_qsys 15.0]
Progress: Parameterizing module sysid_qsys_0
Progress: Adding system_console [altera_avalon_jtag_uart 15.0]
Progress: Parameterizing module system_console
Progress: Building connections
Progress: Parameterizing connections
Progress: Validating
Progress: Done reading input file
Info: sys_vga.Arm_A9_HPS: HPS Main PLL counter settings: n = 0  m = 73
Info: sys_vga.Arm_A9_HPS: HPS peripherial PLL counter settings: n = 0  m = 39
Warning: sys_vga.Arm_A9_HPS: "Configuration/HPS-to-FPGA user 0 clock frequency" (desired_cfg_clk_mhz) requested 100.0 MHz, but only achieved 97.368421 MHz
Warning: sys_vga.Arm_A9_HPS: 1 or more output clock frequencies cannot be achieved precisely, consider revising desired output clock frequencies.
Info: sys_vga.Arm_A9_HPS: Ensure that valid Cortex A9 boot code is available to the HPS system when enabling boot from FPGA and h2f_axi_master interface is connecting to slave component start at address 0x0.
Warning: sys_vga.alt_vip_vfr_0: The module properties SIMULATION_MODEL_IN_VERILOG and SIMULATION_MODEL_IN_VHDL can not both be set when using the SIMULATION file property: src_hdl/alt_vipvfr131_vfr.v, src_hdl/alt_vipvfr131_vfr_controller.v, src_hdl/alt_vipvfr131_vfr_control_packet_encoder.v, src_hdl/alt_vipvfr131_prc.v, src_hdl/alt_vipvfr131_prc_core.v, src_hdl/alt_vipvfr131_prc_read_master.v, /apps/Altera/15.0/ip/altera/frame_reader/common_hdl/alt_vipvfr131_common_package.vhd, /apps/Altera/15.0/ip/altera/frame_reader/common_hdl/alt_vipvfr131_common_avalon_mm_bursting_master_fifo.vhd, /apps/Altera/15.0/ip/altera/frame_reader/common_hdl/alt_vipvfr131_common_avalon_mm_master.v, /apps/Altera/15.0/ip/altera/frame_reader/common_hdl/alt_vipvfr131_common_unpack_data.v, /apps/Altera/15.0/ip/altera/frame_reader/common_hdl/alt_vipvfr131_common_avalon_mm_slave.v, /apps/Altera/15.0/ip/altera/frame_reader/common_hdl/alt_vipvfr131_common_stream_output.v, /apps/Altera/15.0/ip/altera/frame_reader/common_hdl/alt_vipvfr131_common_pulling_width_adapter.vhd, /apps/Altera/15.0/ip/altera/frame_reader/common_hdl/alt_vipvfr131_common_general_fifo.vhd, /apps/Altera/15.0/ip/altera/frame_reader/common_hdl/alt_vipvfr131_common_fifo_usedw_calculator.vhd, /apps/Altera/15.0/ip/altera/frame_reader/common_hdl/alt_vipvfr131_common_gray_clock_crosser.vhd, /apps/Altera/15.0/ip/altera/frame_reader/common_hdl/alt_vipvfr131_common_std_logic_vector_delay.vhd, /apps/Altera/15.0/ip/altera/frame_reader/common_hdl/alt_vipvfr131_common_one_bit_delay.vhd, /apps/Altera/15.0/ip/altera/frame_reader/common_hdl/alt_vipvfr131_common_logic_fifo.vhd, /apps/Altera/15.0/ip/altera/frame_reader/common_hdl/alt_vipvfr131_common_ram_fifo.vhd
Info: sys_vga.pll_0: The legal reference clock frequency is 50.0 MHz..800.0 MHz
Info: sys_vga.pll_0: Able to implement PLL with user settings
Info: sys_vga.pll_1: The legal reference clock frequency is 5.0 MHz..800.0 MHz
Info: sys_vga.pll_1: Able to implement PLL with user settings
Info: sys_vga.sysid_qsys_0: System ID is not assigned automatically. Edit the System ID parameter to provide a unique ID
Info: sys_vga.sysid_qsys_0: Time stamp will be automatically updated when this component is generated.
Warning: sys_vga.Arm_A9_HPS: Arm_A9_HPS.f2h_boot_from_fpga must be exported, or connected to a matching conduit.
Warning: sys_vga.pll_0: pll_0.locked must be exported, or connected to a matching conduit.
Warning: sys_vga.pll_1: pll_1.locked must be exported, or connected to a matching conduit.
Warning: sys_vga.alt_vip_vfr_0: Interrupt sender alt_vip_vfr_0.interrupt_sender is not connected to an interrupt receiver
Warning: sys_vga.: You have exported the interface fifo_fpga_to_hps.in but not its associated reset interface.  Export the driver(s) of fifo_fpga_to_hps.reset_in
Warning: sys_vga.: You have exported the interface fifo_fpga_to_hps.in_csr but not its associated reset interface.  Export the driver(s) of fifo_fpga_to_hps.reset_in
Warning: sys_vga.: You have exported the interface fifo_hps_to_fpga.out but not its associated reset interface.  Export the driver(s) of fifo_hps_to_fpga.reset_out
Warning: sys_vga.: You have exported the interface fifo_hps_to_fpga.out_csr but not its associated reset interface.  Export the driver(s) of fifo_hps_to_fpga.reset_out
Warning: sys_vga.: You have exported the interface ram.s2 but not its associated reset interface.  Export the driver(s) of ram.reset2
Info: ip-generate succeeded.
Info: Finished: Create block symbol file (.bsf)
Info: 
Info: Starting: Create HDL design files for synthesis
Info: qsys-generate /home/daliang3/Desktop/lab1/sys_vga.qsys --synthesis=VERILOG --output-directory=/home/daliang3/Desktop/lab1/sys_vga/synthesis --family="Cyclone V" --part=5CSEMA5F31C6
Progress: Loading lab1/sys_vga.qsys
Progress: Reading input file
Progress: Adding Arm_A9_HPS [altera_hps 15.0]
Progress: Parameterizing module Arm_A9_HPS
Progress: Adding alt_vip_itc_0 [alt_vip_itc 14.0]
Progress: Parameterizing module alt_vip_itc_0
Progress: Adding alt_vip_vfr_0 [alt_vip_vfr 14.0]
Progress: Parameterizing module alt_vip_vfr_0
Progress: Adding clock_bridge_0 [altera_clock_bridge 15.0]
Progress: Parameterizing module clock_bridge_0
Progress: Adding fifo_fpga_to_hps [altera_avalon_fifo 15.0]
Progress: Parameterizing module fifo_fpga_to_hps
Progress: Adding fifo_hps_to_fpga [altera_avalon_fifo 15.0]
Progress: Parameterizing module fifo_hps_to_fpga
Progress: Adding hex5_hex0 [altera_avalon_pio 15.0]
Progress: Parameterizing module hex5_hex0
Progress: Adding new_sdram_controller_0 [altera_avalon_new_sdram_controller 15.0]
Progress: Parameterizing module new_sdram_controller_0
Progress: Adding pll_0 [altera_pll 15.0]
Progress: Parameterizing module pll_0
Progress: Adding pll_1 [altera_pll 15.0]
Progress: Parameterizing module pll_1
Progress: Adding pushbuttons [altera_avalon_pio 15.0]
Progress: Parameterizing module pushbuttons
Progress: Adding ram [altera_avalon_onchip_memory2 15.0]
Progress: Parameterizing module ram
Progress: Adding reg32_avalon_interface_0 [reg32_avalon_interface 1.0]
Progress: Parameterizing module reg32_avalon_interface_0
Progress: Adding sys_sdram_pll_0 [altera_up_avalon_sys_sdram_pll 15.0]
Progress: Parameterizing module sys_sdram_pll_0
Progress: Adding sysid_qsys_0 [altera_avalon_sysid_qsys 15.0]
Progress: Parameterizing module sysid_qsys_0
Progress: Adding system_console [altera_avalon_jtag_uart 15.0]
Progress: Parameterizing module system_console
Progress: Building connections
Progress: Parameterizing connections
Progress: Validating
Progress: Done reading input file
Info: sys_vga.Arm_A9_HPS: HPS Main PLL counter settings: n = 0  m = 73
Info: sys_vga.Arm_A9_HPS: HPS peripherial PLL counter settings: n = 0  m = 39
Warning: sys_vga.Arm_A9_HPS: "Configuration/HPS-to-FPGA user 0 clock frequency" (desired_cfg_clk_mhz) requested 100.0 MHz, but only achieved 97.368421 MHz
Warning: sys_vga.Arm_A9_HPS: 1 or more output clock frequencies cannot be achieved precisely, consider revising desired output clock frequencies.
Info: sys_vga.Arm_A9_HPS: Ensure that valid Cortex A9 boot code is available to the HPS system when enabling boot from FPGA and h2f_axi_master interface is connecting to slave component start at address 0x0.
Warning: sys_vga.alt_vip_vfr_0: The module properties SIMULATION_MODEL_IN_VERILOG and SIMULATION_MODEL_IN_VHDL can not both be set when using the SIMULATION file property: src_hdl/alt_vipvfr131_vfr.v, src_hdl/alt_vipvfr131_vfr_controller.v, src_hdl/alt_vipvfr131_vfr_control_packet_encoder.v, src_hdl/alt_vipvfr131_prc.v, src_hdl/alt_vipvfr131_prc_core.v, src_hdl/alt_vipvfr131_prc_read_master.v, /apps/Altera/15.0/ip/altera/frame_reader/common_hdl/alt_vipvfr131_common_package.vhd, /apps/Altera/15.0/ip/altera/frame_reader/common_hdl/alt_vipvfr131_common_avalon_mm_bursting_master_fifo.vhd, /apps/Altera/15.0/ip/altera/frame_reader/common_hdl/alt_vipvfr131_common_avalon_mm_master.v, /apps/Altera/15.0/ip/altera/frame_reader/common_hdl/alt_vipvfr131_common_unpack_data.v, /apps/Altera/15.0/ip/altera/frame_reader/common_hdl/alt_vipvfr131_common_avalon_mm_slave.v, /apps/Altera/15.0/ip/altera/frame_reader/common_hdl/alt_vipvfr131_common_stream_output.v, /apps/Altera/15.0/ip/altera/frame_reader/common_hdl/alt_vipvfr131_common_pulling_width_adapter.vhd, /apps/Altera/15.0/ip/altera/frame_reader/common_hdl/alt_vipvfr131_common_general_fifo.vhd, /apps/Altera/15.0/ip/altera/frame_reader/common_hdl/alt_vipvfr131_common_fifo_usedw_calculator.vhd, /apps/Altera/15.0/ip/altera/frame_reader/common_hdl/alt_vipvfr131_common_gray_clock_crosser.vhd, /apps/Altera/15.0/ip/altera/frame_reader/common_hdl/alt_vipvfr131_common_std_logic_vector_delay.vhd, /apps/Altera/15.0/ip/altera/frame_reader/common_hdl/alt_vipvfr131_common_one_bit_delay.vhd, /apps/Altera/15.0/ip/altera/frame_reader/common_hdl/alt_vipvfr131_common_logic_fifo.vhd, /apps/Altera/15.0/ip/altera/frame_reader/common_hdl/alt_vipvfr131_common_ram_fifo.vhd
Info: sys_vga.pll_0: The legal reference clock frequency is 50.0 MHz..800.0 MHz
Info: sys_vga.pll_0: Able to implement PLL with user settings
Info: sys_vga.pll_1: The legal reference clock frequency is 5.0 MHz..800.0 MHz
Info: sys_vga.pll_1: Able to implement PLL with user settings
Info: sys_vga.sysid_qsys_0: System ID is not assigned automatically. Edit the System ID parameter to provide a unique ID
Info: sys_vga.sysid_qsys_0: Time stamp will be automatically updated when this component is generated.
Warning: sys_vga.Arm_A9_HPS: Arm_A9_HPS.f2h_boot_from_fpga must be exported, or connected to a matching conduit.
Warning: sys_vga.pll_0: pll_0.locked must be exported, or connected to a matching conduit.
Warning: sys_vga.pll_1: pll_1.locked must be exported, or connected to a matching conduit.
Warning: sys_vga.alt_vip_vfr_0: Interrupt sender alt_vip_vfr_0.interrupt_sender is not connected to an interrupt receiver
Warning: sys_vga.: You have exported the interface fifo_fpga_to_hps.in but not its associated reset interface.  Export the driver(s) of fifo_fpga_to_hps.reset_in
Warning: sys_vga.: You have exported the interface fifo_fpga_to_hps.in_csr but not its associated reset interface.  Export the driver(s) of fifo_fpga_to_hps.reset_in
Warning: sys_vga.: You have exported the interface fifo_hps_to_fpga.out but not its associated reset interface.  Export the driver(s) of fifo_hps_to_fpga.reset_out
Warning: sys_vga.: You have exported the interface fifo_hps_to_fpga.out_csr but not its associated reset interface.  Export the driver(s) of fifo_hps_to_fpga.reset_out
Warning: sys_vga.: You have exported the interface ram.s2 but not its associated reset interface.  Export the driver(s) of ram.reset2
Info: sys_vga: Generating sys_vga "sys_vga" for QUARTUS_SYNTH
Info: Interconnect is inserted between master alt_vip_vfr_0.avalon_master and slave Arm_A9_HPS.f2h_axi_slave because the master is of type avalon and the slave is of type axi.
Info: Inserting clock-crossing logic between cmd_demux.src1 and cmd_mux_001.sink0
Info: Inserting clock-crossing logic between cmd_demux_001.src1 and cmd_mux_001.sink1
Info: Inserting clock-crossing logic between rsp_demux_001.src0 and rsp_mux.sink1
Info: Inserting clock-crossing logic between rsp_demux_001.src1 and rsp_mux_001.sink1
Warning: Arm_A9_HPS.f2h_irq0: Cannot connect clock for irq_mapper.sender
Warning: Arm_A9_HPS.f2h_irq0: Cannot connect reset for irq_mapper.sender
Warning: Arm_A9_HPS.f2h_irq1: Cannot connect clock for irq_mapper_001.sender
Warning: Arm_A9_HPS.f2h_irq1: Cannot connect reset for irq_mapper_001.sender
Info: Arm_A9_HPS: "Running  for module: Arm_A9_HPS"
Info: Arm_A9_HPS: HPS Main PLL counter settings: n = 0  m = 73
Info: Arm_A9_HPS: HPS peripherial PLL counter settings: n = 0  m = 39
Warning: Arm_A9_HPS: "Configuration/HPS-to-FPGA user 0 clock frequency" (desired_cfg_clk_mhz) requested 100.0 MHz, but only achieved 97.368421 MHz
Warning: Arm_A9_HPS: 1 or more output clock frequencies cannot be achieved precisely, consider revising desired output clock frequencies.
Info: Arm_A9_HPS: Ensure that valid Cortex A9 boot code is available to the HPS system when enabling boot from FPGA and h2f_axi_master interface is connecting to slave component start at address 0x0.
Info: Arm_A9_HPS: "sys_vga" instantiated altera_hps "Arm_A9_HPS"
Info: alt_vip_itc_0: "sys_vga" instantiated alt_vip_itc "alt_vip_itc_0"
Info: alt_vip_vfr_0: "sys_vga" instantiated alt_vip_vfr "alt_vip_vfr_0"
Info: fifo_fpga_to_hps: Starting RTL generation for module 'sys_vga_fifo_fpga_to_hps'
Info: fifo_fpga_to_hps:   Generation command is [exec /apps/Altera/15.0/quartus/linux64/perl/bin/perl -I /apps/Altera/15.0/quartus/linux64/perl/lib -I /apps/Altera/15.0/quartus/sopc_builder/bin/europa -I /apps/Altera/15.0/quartus/sopc_builder/bin/perl_lib -I /apps/Altera/15.0/quartus/sopc_builder/bin -I /apps/Altera/15.0/quartus/../ip/altera/sopc_builder_ip/common -I /apps/Altera/15.0/quartus/../ip/altera/sopc_builder_ip/altera_avalon_fifo -- /apps/Altera/15.0/quartus/../ip/altera/sopc_builder_ip/altera_avalon_fifo/generate_rtl.pl --name=sys_vga_fifo_fpga_to_hps --dir=/tmp/alt7677_9185512259689114579.dir/0005_fifo_fpga_to_hps_gen/ --quartus_dir=/apps/Altera/15.0/quartus --verilog --config=/tmp/alt7677_9185512259689114579.dir/0005_fifo_fpga_to_hps_gen//sys_vga_fifo_fpga_to_hps_component_configuration.pl  --do_build_sim=0  ]
Info: fifo_fpga_to_hps: Done RTL generation for module 'sys_vga_fifo_fpga_to_hps'
Info: fifo_fpga_to_hps: "sys_vga" instantiated altera_avalon_fifo "fifo_fpga_to_hps"
Info: hex5_hex0: Starting RTL generation for module 'sys_vga_hex5_hex0'
Info: hex5_hex0:   Generation command is [exec /apps/Altera/15.0/quartus/linux64/perl/bin/perl -I /apps/Altera/15.0/quartus/linux64/perl/lib -I /apps/Altera/15.0/quartus/sopc_builder/bin/europa -I /apps/Altera/15.0/quartus/sopc_builder/bin/perl_lib -I /apps/Altera/15.0/quartus/sopc_builder/bin -I /apps/Altera/15.0/quartus/../ip/altera/sopc_builder_ip/common -I /apps/Altera/15.0/quartus/../ip/altera/sopc_builder_ip/altera_avalon_pio -- /apps/Altera/15.0/quartus/../ip/altera/sopc_builder_ip/altera_avalon_pio/generate_rtl.pl --name=sys_vga_hex5_hex0 --dir=/tmp/alt7677_9185512259689114579.dir/0006_hex5_hex0_gen/ --quartus_dir=/apps/Altera/15.0/quartus --verilog --config=/tmp/alt7677_9185512259689114579.dir/0006_hex5_hex0_gen//sys_vga_hex5_hex0_component_configuration.pl  --do_build_sim=0  ]
Info: hex5_hex0: Done RTL generation for module 'sys_vga_hex5_hex0'
Info: hex5_hex0: "sys_vga" instantiated altera_avalon_pio "hex5_hex0"
Info: new_sdram_controller_0: Starting RTL generation for module 'sys_vga_new_sdram_controller_0'
Info: new_sdram_controller_0:   Generation command is [exec /apps/Altera/15.0/quartus/linux64/perl/bin/perl -I /apps/Altera/15.0/quartus/linux64/perl/lib -I /apps/Altera/15.0/quartus/sopc_builder/bin/europa -I /apps/Altera/15.0/quartus/sopc_builder/bin/perl_lib -I /apps/Altera/15.0/quartus/sopc_builder/bin -I /apps/Altera/15.0/quartus/../ip/altera/sopc_builder_ip/common -I /apps/Altera/15.0/quartus/../ip/altera/sopc_builder_ip/altera_avalon_new_sdram_controller -- /apps/Altera/15.0/quartus/../ip/altera/sopc_builder_ip/altera_avalon_new_sdram_controller/generate_rtl.pl --name=sys_vga_new_sdram_controller_0 --dir=/tmp/alt7677_9185512259689114579.dir/0007_new_sdram_controller_0_gen/ --quartus_dir=/apps/Altera/15.0/quartus --verilog --config=/tmp/alt7677_9185512259689114579.dir/0007_new_sdram_controller_0_gen//sys_vga_new_sdram_controller_0_component_configuration.pl  --do_build_sim=0  ]
Info: new_sdram_controller_0: Done RTL generation for module 'sys_vga_new_sdram_controller_0'
Info: new_sdram_controller_0: "sys_vga" instantiated altera_avalon_new_sdram_controller "new_sdram_controller_0"
Info: pll_0: "sys_vga" instantiated altera_pll "pll_0"
Info: pll_1: "sys_vga" instantiated altera_pll "pll_1"
Info: pushbuttons: Starting RTL generation for module 'sys_vga_pushbuttons'
Info: pushbuttons:   Generation command is [exec /apps/Altera/15.0/quartus/linux64/perl/bin/perl -I /apps/Altera/15.0/quartus/linux64/perl/lib -I /apps/Altera/15.0/quartus/sopc_builder/bin/europa -I /apps/Altera/15.0/quartus/sopc_builder/bin/perl_lib -I /apps/Altera/15.0/quartus/sopc_builder/bin -I /apps/Altera/15.0/quartus/../ip/altera/sopc_builder_ip/common -I /apps/Altera/15.0/quartus/../ip/altera/sopc_builder_ip/altera_avalon_pio -- /apps/Altera/15.0/quartus/../ip/altera/sopc_builder_ip/altera_avalon_pio/generate_rtl.pl --name=sys_vga_pushbuttons --dir=/tmp/alt7677_9185512259689114579.dir/0010_pushbuttons_gen/ --quartus_dir=/apps/Altera/15.0/quartus --verilog --config=/tmp/alt7677_9185512259689114579.dir/0010_pushbuttons_gen//sys_vga_pushbuttons_component_configuration.pl  --do_build_sim=0  ]
Info: pushbuttons: Done RTL generation for module 'sys_vga_pushbuttons'
Info: pushbuttons: "sys_vga" instantiated altera_avalon_pio "pushbuttons"
Info: ram: Starting RTL generation for module 'sys_vga_ram'
Info: ram:   Generation command is [exec /apps/Altera/15.0/quartus/linux64/perl/bin/perl -I /apps/Altera/15.0/quartus/linux64/perl/lib -I /apps/Altera/15.0/quartus/sopc_builder/bin/europa -I /apps/Altera/15.0/quartus/sopc_builder/bin/perl_lib -I /apps/Altera/15.0/quartus/sopc_builder/bin -I /apps/Altera/15.0/quartus/../ip/altera/sopc_builder_ip/common -I /apps/Altera/15.0/quartus/../ip/altera/sopc_builder_ip/altera_avalon_onchip_memory2 -- /apps/Altera/15.0/quartus/../ip/altera/sopc_builder_ip/altera_avalon_onchip_memory2/generate_rtl.pl --name=sys_vga_ram --dir=/tmp/alt7677_9185512259689114579.dir/0011_ram_gen/ --quartus_dir=/apps/Altera/15.0/quartus --verilog --config=/tmp/alt7677_9185512259689114579.dir/0011_ram_gen//sys_vga_ram_component_configuration.pl  --do_build_sim=0  ]
Info: ram: Done RTL generation for module 'sys_vga_ram'
Info: ram: "sys_vga" instantiated altera_avalon_onchip_memory2 "ram"
Info: reg32_avalon_interface_0: "sys_vga" instantiated reg32_avalon_interface "reg32_avalon_interface_0"
Info: sys_sdram_pll_0: "sys_vga" instantiated altera_up_avalon_sys_sdram_pll "sys_sdram_pll_0"
Info: sysid_qsys_0: "sys_vga" instantiated altera_avalon_sysid_qsys "sysid_qsys_0"
Info: system_console: Starting RTL generation for module 'sys_vga_system_console'
Info: system_console:   Generation command is [exec /apps/Altera/15.0/quartus/linux64/perl/bin/perl -I /apps/Altera/15.0/quartus/linux64/perl/lib -I /apps/Altera/15.0/quartus/sopc_builder/bin/europa -I /apps/Altera/15.0/quartus/sopc_builder/bin/perl_lib -I /apps/Altera/15.0/quartus/sopc_builder/bin -I /apps/Altera/15.0/quartus/../ip/altera/sopc_builder_ip/common -I /apps/Altera/15.0/quartus/../ip/altera/sopc_builder_ip/altera_avalon_jtag_uart -- /apps/Altera/15.0/quartus/../ip/altera/sopc_builder_ip/altera_avalon_jtag_uart/generate_rtl.pl --name=sys_vga_system_console --dir=/tmp/alt7677_9185512259689114579.dir/0014_system_console_gen/ --quartus_dir=/apps/Altera/15.0/quartus --verilog --config=/tmp/alt7677_9185512259689114579.dir/0014_system_console_gen//sys_vga_system_console_component_configuration.pl  --do_build_sim=0  ]
Info: system_console: Done RTL generation for module 'sys_vga_system_console'
Info: system_console: "sys_vga" instantiated altera_avalon_jtag_uart "system_console"
Info: mm_interconnect_0: "sys_vga" instantiated altera_mm_interconnect "mm_interconnect_0"
Info: avalon_st_adapter: Inserting error_adapter: error_adapter_0
Info: avalon_st_adapter_001: Inserting error_adapter: error_adapter_0
Info: avalon_st_adapter_002: Inserting error_adapter: error_adapter_0
Info: avalon_st_adapter_003: Inserting error_adapter: error_adapter_0
Info: mm_interconnect_1: "sys_vga" instantiated altera_mm_interconnect "mm_interconnect_1"
Info: avalon_st_adapter: Inserting error_adapter: error_adapter_0
Info: avalon_st_adapter_001: Inserting error_adapter: error_adapter_0
Info: avalon_st_adapter_002: Inserting error_adapter: error_adapter_0
Info: avalon_st_adapter_003: Inserting error_adapter: error_adapter_0
Info: avalon_st_adapter_004: Inserting error_adapter: error_adapter_0
Info: avalon_st_adapter_005: Inserting error_adapter: error_adapter_0
Info: avalon_st_adapter_006: Inserting error_adapter: error_adapter_0
Info: avalon_st_adapter_007: Inserting error_adapter: error_adapter_0
Info: mm_interconnect_2: "sys_vga" instantiated altera_mm_interconnect "mm_interconnect_2"
Info: irq_mapper: "sys_vga" instantiated altera_irq_mapper "irq_mapper"
Info: irq_mapper_001: "sys_vga" instantiated altera_irq_mapper "irq_mapper_001"
Info: rst_controller: "sys_vga" instantiated altera_reset_controller "rst_controller"
Info: fpga_interfaces: "Arm_A9_HPS" instantiated altera_interface_generator "fpga_interfaces"
Info: hps_io: "Arm_A9_HPS" instantiated altera_hps_io "hps_io"
Info: sys_pll: "sys_sdram_pll_0" instantiated altera_pll "sys_pll"
Info: reset_from_locked: "sys_sdram_pll_0" instantiated altera_up_avalon_reset_from_locked_signal "reset_from_locked"
Info: alt_vip_vfr_0_avalon_master_translator: "mm_interconnect_0" instantiated altera_merlin_master_translator "alt_vip_vfr_0_avalon_master_translator"
Info: alt_vip_vfr_0_avalon_master_agent: "mm_interconnect_0" instantiated altera_merlin_master_agent "alt_vip_vfr_0_avalon_master_agent"
Info: Arm_A9_HPS_f2h_axi_slave_agent: "mm_interconnect_0" instantiated altera_merlin_axi_slave_ni "Arm_A9_HPS_f2h_axi_slave_agent"
Info: router: "mm_interconnect_0" instantiated altera_merlin_router "router"
Info: router_001: "mm_interconnect_0" instantiated altera_merlin_router "router_001"
Info: alt_vip_vfr_0_avalon_master_limiter: "mm_interconnect_0" instantiated altera_merlin_traffic_limiter "alt_vip_vfr_0_avalon_master_limiter"
Info: Reusing file /home/daliang3/Desktop/lab1/sys_vga/synthesis/submodules/altera_avalon_sc_fifo.v
Info: Arm_A9_HPS_f2h_axi_slave_wr_burst_adapter: "mm_interconnect_0" instantiated altera_merlin_burst_adapter "Arm_A9_HPS_f2h_axi_slave_wr_burst_adapter"
Info: Reusing file /home/daliang3/Desktop/lab1/sys_vga/synthesis/submodules/altera_merlin_address_alignment.sv
Info: Reusing file /home/daliang3/Desktop/lab1/sys_vga/synthesis/submodules/altera_avalon_st_pipeline_base.v
Info: cmd_demux: "mm_interconnect_0" instantiated altera_merlin_demultiplexer "cmd_demux"
Info: cmd_mux: "mm_interconnect_0" instantiated altera_merlin_multiplexer "cmd_mux"
Info: rsp_demux: "mm_interconnect_0" instantiated altera_merlin_demultiplexer "rsp_demux"
Info: rsp_mux: "mm_interconnect_0" instantiated altera_merlin_multiplexer "rsp_mux"
Info: Reusing file /home/daliang3/Desktop/lab1/sys_vga/synthesis/submodules/altera_merlin_arbitrator.sv
Info: Arm_A9_HPS_f2h_axi_slave_wr_rsp_width_adapter: "mm_interconnect_0" instantiated altera_merlin_width_adapter "Arm_A9_HPS_f2h_axi_slave_wr_rsp_width_adapter"
Info: Reusing file /home/daliang3/Desktop/lab1/sys_vga/synthesis/submodules/altera_merlin_address_alignment.sv
Info: Reusing file /home/daliang3/Desktop/lab1/sys_vga/synthesis/submodules/altera_merlin_burst_uncompressor.sv
Info: fifo_hps_to_fpga_in_translator: "mm_interconnect_1" instantiated altera_merlin_slave_translator "fifo_hps_to_fpga_in_translator"
Info: Arm_A9_HPS_h2f_axi_master_agent: "mm_interconnect_1" instantiated altera_merlin_axi_master_ni "Arm_A9_HPS_h2f_axi_master_agent"
Info: Reusing file /home/daliang3/Desktop/lab1/sys_vga/synthesis/submodules/altera_merlin_address_alignment.sv
Info: fifo_hps_to_fpga_in_agent: "mm_interconnect_1" instantiated altera_merlin_slave_agent "fifo_hps_to_fpga_in_agent"
Info: Reusing file /home/daliang3/Desktop/lab1/sys_vga/synthesis/submodules/altera_merlin_burst_uncompressor.sv
Info: fifo_hps_to_fpga_in_agent_rsp_fifo: "mm_interconnect_1" instantiated altera_avalon_sc_fifo "fifo_hps_to_fpga_in_agent_rsp_fifo"
Info: Reusing file /home/daliang3/Desktop/lab1/sys_vga/synthesis/submodules/altera_avalon_sc_fifo.v
Info: router: "mm_interconnect_1" instantiated altera_merlin_router "router"
Info: router_002: "mm_interconnect_1" instantiated altera_merlin_router "router_002"
Info: router_005: "mm_interconnect_1" instantiated altera_merlin_router "router_005"
Info: cmd_demux: "mm_interconnect_1" instantiated altera_merlin_demultiplexer "cmd_demux"
Info: cmd_mux: "mm_interconnect_1" instantiated altera_merlin_multiplexer "cmd_mux"
Info: Reusing file /home/daliang3/Desktop/lab1/sys_vga/synthesis/submodules/altera_merlin_arbitrator.sv
Info: rsp_demux: "mm_interconnect_1" instantiated altera_merlin_demultiplexer "rsp_demux"
Info: rsp_mux: "mm_interconnect_1" instantiated altera_merlin_multiplexer "rsp_mux"
Info: Reusing file /home/daliang3/Desktop/lab1/sys_vga/synthesis/submodules/altera_merlin_arbitrator.sv
Info: avalon_st_adapter: "mm_interconnect_1" instantiated altera_avalon_st_adapter "avalon_st_adapter"
Info: avalon_st_adapter_003: "mm_interconnect_1" instantiated altera_avalon_st_adapter "avalon_st_adapter_003"
Info: router: "mm_interconnect_2" instantiated altera_merlin_router "router"
Info: router_002: "mm_interconnect_2" instantiated altera_merlin_router "router_002"
Info: cmd_demux: "mm_interconnect_2" instantiated altera_merlin_demultiplexer "cmd_demux"
Info: cmd_mux: "mm_interconnect_2" instantiated altera_merlin_multiplexer "cmd_mux"
Info: Reusing file /home/daliang3/Desktop/lab1/sys_vga/synthesis/submodules/altera_merlin_arbitrator.sv
Info: rsp_demux: "mm_interconnect_2" instantiated altera_merlin_demultiplexer "rsp_demux"
Info: rsp_demux_001: "mm_interconnect_2" instantiated altera_merlin_demultiplexer "rsp_demux_001"
Info: rsp_mux: "mm_interconnect_2" instantiated altera_merlin_multiplexer "rsp_mux"
Info: Reusing file /home/daliang3/Desktop/lab1/sys_vga/synthesis/submodules/altera_merlin_arbitrator.sv
Info: crosser: "mm_interconnect_2" instantiated altera_avalon_st_handshake_clock_crosser "crosser"
Info: Reusing file /home/daliang3/Desktop/lab1/sys_vga/synthesis/submodules/altera_avalon_st_pipeline_base.v
Info: border: "hps_io" instantiated altera_interface_generator "border"
Info: error_adapter_0: "avalon_st_adapter" instantiated error_adapter "error_adapter_0"
Info: error_adapter_0: "avalon_st_adapter_003" instantiated error_adapter "error_adapter_0"
Info: sys_vga: Done "sys_vga" with 61 modules, 159 files
Info: ip-generate succeeded.
Info: Finished: Create HDL design files for synthesis
